This is pdfTeX, Version 3.14159265-2.6-1.40.16 (TeX Live 2015) (preloaded format=pdflatex 2015.5.24)  21 JAN 2016 12:35
entering extended mode
 restricted \write18 enabled.
 file:line:error style messages enabled.
 %&-line parsing enabled.
**draft.tex
(./draft.tex
LaTeX2e <2015/01/01>
Babel <3.9l> and hyphenation patterns for 79 languages loaded.
(./nddiss2e.cls
Document Class: nddiss2e 2013/04/16 v3.2013
Notre Dame Dissertation document class by Sameer Vijay and updated by Megan Pat
nott

FINAL MODE

NUMBERED REFERENCES
(/usr/local/texlive/2015/texmf-dist/tex/latex/base/book.cls
Document Class: book 2014/09/29 v1.4h Standard LaTeX document class
(/usr/local/texlive/2015/texmf-dist/tex/latex/base/bk12.clo
File: bk12.clo 2014/09/29 v1.4h Standard LaTeX file (size option)
)
\c@part=\count79
\c@chapter=\count80
\c@section=\count81
\c@subsection=\count82
\c@subsubsection=\count83
\c@paragraph=\count84
\c@subparagraph=\count85
\c@figure=\count86
\c@table=\count87
\abovecaptionskip=\skip41
\belowcaptionskip=\skip42
\bibindent=\dimen102
)
(/usr/local/texlive/2015/texmf-dist/tex/latex/base/ifthen.sty
Package: ifthen 2014/09/29 v1.1c Standard LaTeX ifthen package (DPC)
)
(/usr/local/texlive/2015/texmf-dist/tex/latex/base/exscale.sty
Package: exscale 2014/09/29 v2.1h Standard LaTeX package exscale
LaTeX Font Info:    Redeclaring symbol font `largesymbols' on input line 57.
LaTeX Font Info:    Overwriting symbol font `largesymbols' in version `normal'
(Font)                  OMX/cmex/m/n --> OMX/cmex/m/n on input line 57.
LaTeX Font Info:    Overwriting symbol font `largesymbols' in version `bold'
(Font)                  OMX/cmex/m/n --> OMX/cmex/m/n on input line 57.
\big@size=\dimen103
)
(/usr/local/texlive/2015/texmf-dist/tex/generic/oberdiek/ifpdf.sty
Package: ifpdf 2011/01/30 v2.3 Provides the ifpdf switch (HO)
Package ifpdf Info: pdfTeX in PDF mode is detected.
)
(/usr/local/texlive/2015/texmf-dist/tex/latex/tools/longtable.sty
Package: longtable 2014/10/28 v4.11 Multi-page Table package (DPC)
\LTleft=\skip43
\LTright=\skip44
\LTpre=\skip45
\LTpost=\skip46
\LTchunksize=\count88
\LTcapwidth=\dimen104
\LT@head=\box26
\LT@firsthead=\box27
\LT@foot=\box28
\LT@lastfoot=\box29
\LT@cols=\count89
\LT@rows=\count90
\c@LT@tables=\count91
\c@LT@chunks=\count92
\LT@p@ftn=\toks14
)
(/usr/local/texlive/2015/texmf-dist/tex/latex/tools/xspace.sty
Package: xspace 2014/10/28 v1.13 Space after command names (DPC,MH)
)
(/usr/local/texlive/2015/texmf-dist/tex/latex/tools/indentfirst.sty
Package: indentfirst 1995/11/23 v1.03 Indent first paragraph (DPC)
)
(/usr/local/texlive/2015/texmf-dist/tex/latex/tools/tabularx.sty
Package: tabularx 2014/10/28 v2.10 `tabularx' package (DPC)

(/usr/local/texlive/2015/texmf-dist/tex/latex/tools/array.sty
Package: array 2014/10/28 v2.4c Tabular extension package (FMi)
\col@sep=\dimen105
\extrarowheight=\dimen106
\NC@list=\toks15
\extratabsurround=\skip47
\backup@length=\skip48
)
\TX@col@width=\dimen107
\TX@old@table=\dimen108
\TX@old@col=\dimen109
\TX@target=\dimen110
\TX@delta=\dimen111
\TX@cols=\count93
\TX@ftn=\toks16
)
(/usr/local/texlive/2015/texmf-dist/tex/latex/tools/enumerate.sty
Package: enumerate 2014/10/28 v3.00 enumerate extensions (DPC)
\@enLab=\toks17
)
(/usr/local/texlive/2015/texmf-dist/tex/latex/base/latexsym.sty
Package: latexsym 1998/08/17 v2.2e Standard LaTeX package (lasy symbols)
\symlasy=\mathgroup4
LaTeX Font Info:    Overwriting symbol font `lasy' in version `bold'
(Font)                  U/lasy/m/n --> U/lasy/b/n on input line 52.
)
(/usr/local/texlive/2015/texmf-dist/tex/latex/graphics/epsfig.sty
Package: epsfig 1999/02/16 v1.7a (e)psfig emulation (SPQR)

(/usr/local/texlive/2015/texmf-dist/tex/latex/graphics/graphicx.sty
Package: graphicx 2014/10/28 v1.0g Enhanced LaTeX Graphics (DPC,SPQR)

(/usr/local/texlive/2015/texmf-dist/tex/latex/graphics/keyval.sty
Package: keyval 2014/10/28 v1.15 key=value parser (DPC)
\KV@toks@=\toks18
)
(/usr/local/texlive/2015/texmf-dist/tex/latex/graphics/graphics.sty
Package: graphics 2014/10/28 v1.0p Standard LaTeX Graphics (DPC,SPQR)

(/usr/local/texlive/2015/texmf-dist/tex/latex/graphics/trig.sty
Package: trig 1999/03/16 v1.09 sin cos tan (DPC)
)
(/usr/local/texlive/2015/texmf-dist/tex/latex/latexconfig/graphics.cfg
File: graphics.cfg 2010/04/23 v1.9 graphics configuration of TeX Live
)
Package graphics Info: Driver file: pdftex.def on input line 94.

(/usr/local/texlive/2015/texmf-dist/tex/latex/pdftex-def/pdftex.def
File: pdftex.def 2011/05/27 v0.06d Graphics/color for pdfTeX

(/usr/local/texlive/2015/texmf-dist/tex/generic/oberdiek/infwarerr.sty
Package: infwarerr 2010/04/08 v1.3 Providing info/warning/error messages (HO)
)
(/usr/local/texlive/2015/texmf-dist/tex/generic/oberdiek/ltxcmds.sty
Package: ltxcmds 2011/11/09 v1.22 LaTeX kernel commands for general use (HO)
)
\Gread@gobject=\count94
))
\Gin@req@height=\dimen112
\Gin@req@width=\dimen113
)
\epsfxsize=\dimen114
\epsfysize=\dimen115
)
(/usr/local/texlive/2015/texmf-dist/tex/latex/graphics/color.sty
Package: color 2014/10/28 v1.1a Standard LaTeX Color (DPC)

(/usr/local/texlive/2015/texmf-dist/tex/latex/latexconfig/color.cfg
File: color.cfg 2007/01/18 v1.5 color configuration of teTeX/TeXLive
)
Package color Info: Driver file: pdftex.def on input line 142.
)
(/usr/local/texlive/2015/texmf-dist/tex/latex/natbib/natbib.sty
Package: natbib 2010/09/13 8.31b (PWD, AO)
\bibhang=\skip49
\bibsep=\skip50
LaTeX Info: Redefining \cite on input line 694.
\c@NAT@ctr=\count95
)
\single@skip=\skip51
\double@skip=\skip52
\capwidth=\skip53
\abovetableskip=\skip54
\belowtableskip=\skip55
\abovefigureskip=\skip56
\belowfigureskip=\skip57
)
(/usr/local/texlive/2015/texmf-dist/tex/latex/caption/subcaption.sty
Package: subcaption 2013/02/03 v1.1-62 Sub-captions (AR)

(/usr/local/texlive/2015/texmf-dist/tex/latex/caption/caption.sty
Package: caption 2013/05/02 v3.3-89 Customizing captions (AR)

(/usr/local/texlive/2015/texmf-dist/tex/latex/caption/caption3.sty
Package: caption3 2013/05/02 v1.6-88 caption3 kernel (AR)
Package caption3 Info: TeX engine: e-TeX on input line 57.
\captionmargin=\dimen116
\captionmargin@=\dimen117
\captionwidth=\dimen118
\caption@tempdima=\dimen119
\caption@indent=\dimen120
\caption@parindent=\dimen121
\caption@hangindent=\dimen122
)
\c@ContinuedFloat=\count96
Package caption Info: longtable package is loaded.

(/usr/local/texlive/2015/texmf-dist/tex/latex/caption/ltcaption.sty
Package: ltcaption 2013/02/03 v1.3-62 longtable captions (AR)
))
\c@subfigure=\count97
\c@subtable=\count98
)
(/usr/local/texlive/2015/texmf-dist/tex/latex/pdfpages/pdfpages.sty
Package: pdfpages 2015/05/11 v0.4x Insert pages of external PDF documents (AM)

(/usr/local/texlive/2015/texmf-dist/tex/latex/tools/calc.sty
Package: calc 2014/10/28 v4.3 Infix arithmetic (KKT,FJ)
\calc@Acount=\count99
\calc@Bcount=\count100
\calc@Adimen=\dimen123
\calc@Bdimen=\dimen124
\calc@Askip=\skip58
\calc@Bskip=\skip59
LaTeX Info: Redefining \setlength on input line 80.
LaTeX Info: Redefining \addtolength on input line 81.
\calc@Ccount=\count101
\calc@Cskip=\skip60
)
(/usr/local/texlive/2015/texmf-dist/tex/latex/eso-pic/eso-pic.sty
Package: eso-pic 2015/04/20 v2.0e eso-pic (RN)

(/usr/local/texlive/2015/texmf-dist/tex/generic/oberdiek/atbegshi.sty
Package: atbegshi 2011/10/05 v1.16 At begin shipout hook (HO)
))
\AM@pagewidth=\dimen125
\AM@pageheight=\dimen126

(/usr/local/texlive/2015/texmf-dist/tex/latex/pdfpages/pppdftex.def
File: pppdftex.def 2015/05/11 v0.4x Pdfpages driver for pdfTeX (AM)
)
\AM@pagebox=\box30
\AM@toc@title=\toks19
\c@AM@survey=\count102
\AM@templatesizebox=\box31
)
(./draft.aux (./chapter1.aux

LaTeX Warning: Label `fig:cyl2' multiply defined.

) (./chapter2.aux) (./chapter3.aux

LaTeX Warning: Label `fig:cad' multiply defined.

) (./appendix.aux))
\openout1 = `draft.aux'.

LaTeX Font Info:    Checking defaults for OML/cmm/m/it on input line 83.
LaTeX Font Info:    ... okay on input line 83.
LaTeX Font Info:    Checking defaults for T1/cmr/m/n on input line 83.
LaTeX Font Info:    ... okay on input line 83.
LaTeX Font Info:    Checking defaults for OT1/cmr/m/n on input line 83.
LaTeX Font Info:    ... okay on input line 83.
LaTeX Font Info:    Checking defaults for OMS/cmsy/m/n on input line 83.
LaTeX Font Info:    ... okay on input line 83.
LaTeX Font Info:    Checking defaults for OMX/cmex/m/n on input line 83.
LaTeX Font Info:    ... okay on input line 83.
LaTeX Font Info:    Checking defaults for U/cmr/m/n on input line 83.
LaTeX Font Info:    ... okay on input line 83.

(/usr/local/texlive/2015/texmf-dist/tex/context/base/supp-pdf.mkii
[Loading MPS to PDF converter (version 2006.09.02).]
\scratchcounter=\count103
\scratchdimen=\dimen127
\scratchbox=\box32
\nofMPsegments=\count104
\nofMParguments=\count105
\everyMPshowfont=\toks20
\MPscratchCnt=\count106
\MPscratchDim=\dimen128
\MPnumerator=\count107
\makeMPintoPDFobject=\count108
\everyMPtoPDFconversion=\toks21
) (/usr/local/texlive/2015/texmf-dist/tex/generic/oberdiek/pdftexcmds.sty
Package: pdftexcmds 2011/11/29 v0.20 Utility functions of pdfTeX for LuaTeX (HO
)

(/usr/local/texlive/2015/texmf-dist/tex/generic/oberdiek/ifluatex.sty
Package: ifluatex 2010/03/01 v1.3 Provides the ifluatex switch (HO)
Package ifluatex Info: LuaTeX not detected.
)
Package pdftexcmds Info: LuaTeX not detected.
Package pdftexcmds Info: \pdf@primitive is available.
Package pdftexcmds Info: \pdf@ifprimitive is available.
Package pdftexcmds Info: \pdfdraftmode found.
)
(/usr/local/texlive/2015/texmf-dist/tex/latex/oberdiek/epstopdf-base.sty
Package: epstopdf-base 2010/02/09 v2.5 Base part for package epstopdf

(/usr/local/texlive/2015/texmf-dist/tex/latex/oberdiek/grfext.sty
Package: grfext 2010/08/19 v1.1 Manage graphics extensions (HO)

(/usr/local/texlive/2015/texmf-dist/tex/generic/oberdiek/kvdefinekeys.sty
Package: kvdefinekeys 2011/04/07 v1.3 Define keys (HO)
))
(/usr/local/texlive/2015/texmf-dist/tex/latex/oberdiek/kvoptions.sty
Package: kvoptions 2011/06/30 v3.11 Key value format for package options (HO)

(/usr/local/texlive/2015/texmf-dist/tex/generic/oberdiek/kvsetkeys.sty
Package: kvsetkeys 2012/04/25 v1.16 Key value parser (HO)

(/usr/local/texlive/2015/texmf-dist/tex/generic/oberdiek/etexcmds.sty
Package: etexcmds 2011/02/16 v1.5 Avoid name clashes with e-TeX commands (HO)
Package etexcmds Info: Could not find \expanded.
(etexcmds)             That can mean that you are not using pdfTeX 1.50 or
(etexcmds)             that some package has redefined \expanded.
(etexcmds)             In the latter case, load this package earlier.
)))
Package grfext Info: Graphics extension search list:
(grfext)             [.png,.pdf,.jpg,.mps,.jpeg,.jbig2,.jb2,.PNG,.PDF,.JPG,.JPE
G,.JBIG2,.JB2,.eps]
(grfext)             \AppendGraphicsExtensions on input line 452.

(/usr/local/texlive/2015/texmf-dist/tex/latex/latexconfig/epstopdf-sys.cfg
File: epstopdf-sys.cfg 2010/07/13 v1.3 Configuration of (r)epstopdf for TeX Liv
e
))
(/usr/local/texlive/2015/texmf-dist/tex/latex/amsmath/amsmath.sty
Package: amsmath 2013/01/14 v2.14 AMS math features
\@mathmargin=\skip61

For additional information on amsmath, use the `?' option.
(/usr/local/texlive/2015/texmf-dist/tex/latex/amsmath/amstext.sty
Package: amstext 2000/06/29 v2.01

(/usr/local/texlive/2015/texmf-dist/tex/latex/amsmath/amsgen.sty
File: amsgen.sty 1999/11/30 v2.0
\@emptytoks=\toks22
\ex@=\dimen129
))
(/usr/local/texlive/2015/texmf-dist/tex/latex/amsmath/amsbsy.sty
Package: amsbsy 1999/11/29 v1.2d
\pmbraise@=\dimen130
)
(/usr/local/texlive/2015/texmf-dist/tex/latex/amsmath/amsopn.sty
Package: amsopn 1999/12/14 v2.01 operator names
)
\inf@bad=\count109
LaTeX Info: Redefining \frac on input line 210.
\uproot@=\count110
\leftroot@=\count111
LaTeX Info: Redefining \overline on input line 306.
\classnum@=\count112
\DOTSCASE@=\count113
LaTeX Info: Redefining \ldots on input line 378.
LaTeX Info: Redefining \dots on input line 381.
LaTeX Info: Redefining \cdots on input line 466.
\Mathstrutbox@=\box33
\strutbox@=\box34
\big@size=\dimen131
LaTeX Font Info:    Redeclaring font encoding OML on input line 566.
LaTeX Font Info:    Redeclaring font encoding OMS on input line 567.
\macc@depth=\count114
\c@MaxMatrixCols=\count115
\dotsspace@=\muskip10
\c@parentequation=\count116
\dspbrk@lvl=\count117
\tag@help=\toks23
\row@=\count118
\column@=\count119
\maxfields@=\count120
\andhelp@=\toks24
\eqnshift@=\dimen132
\alignsep@=\dimen133
\tagshift@=\dimen134
\tagwidth@=\dimen135
\totwidth@=\dimen136
\lineht@=\dimen137
\@envbody=\toks25
\multlinegap=\skip62
\multlinetaggap=\skip63
\mathdisplay@stack=\toks26
LaTeX Info: Redefining \[ on input line 2665.
LaTeX Info: Redefining \] on input line 2666.
)
(/usr/local/texlive/2015/texmf-dist/tex/latex/amsfonts/amssymb.sty
Package: amssymb 2013/01/14 v3.01 AMS font symbols

(/usr/local/texlive/2015/texmf-dist/tex/latex/amsfonts/amsfonts.sty
Package: amsfonts 2013/01/14 v3.01 Basic AMSFonts support
\symAMSa=\mathgroup5
\symAMSb=\mathgroup6
LaTeX Font Info:    Overwriting math alphabet `\mathfrak' in version `bold'
(Font)                  U/euf/m/n --> U/euf/b/n on input line 106.
))
(/usr/local/texlive/2015/texmf-dist/tex/latex/float/float.sty
Package: float 2001/11/08 v1.3d Float enhancements (AL)
\c@float@type=\count121
\float@exts=\toks27
\float@box=\box35
\@float@everytoks=\toks28
\@floatcapt=\box36
)
(/usr/local/texlive/2015/texmf-dist/tex/latex/graphics/lscape.sty
Package: lscape 2000/10/22 v3.01 Landscape Pages (DPC)
)
(/usr/local/texlive/2015/texmf-dist/tex/latex/booktabs/booktabs.sty
Package: booktabs 2005/04/14 v1.61803 publication quality tables
\heavyrulewidth=\dimen138
\lightrulewidth=\dimen139
\cmidrulewidth=\dimen140
\belowrulesep=\dimen141
\belowbottomsep=\dimen142
\aboverulesep=\dimen143
\abovetopsep=\dimen144
\cmidrulesep=\dimen145
\cmidrulekern=\dimen146
\defaultaddspace=\dimen147
\@cmidla=\count122
\@cmidlb=\count123
\@aboverulesep=\dimen148
\@belowrulesep=\dimen149
\@thisruleclass=\count124
\@lastruleclass=\count125
\@thisrulewidth=\dimen150
)
(/usr/local/texlive/2015/texmf-dist/tex/latex/rotating/rotating.sty
Package: rotating 2009/03/28 v2.16a rotated objects in LaTeX
\c@r@tfl@t=\count126
\rotFPtop=\skip64
\rotFPbot=\skip65
\rot@float@box=\box37
\rot@mess@toks=\toks29
)
(/usr/local/texlive/2015/texmf-dist/tex/latex/url/url.sty
\Urlmuskip=\muskip11
Package: url 2013/09/16  ver 3.4  Verb mode for urls, etc.
)
(/usr/local/texlive/2015/texmf-dist/tex/latex/setspace/setspace.sty
Package: setspace 2011/12/19 v6.7a set line spacing
)
(/usr/local/texlive/2015/texmf-dist/tex/latex/oberdiek/pdflscape.sty
Package: pdflscape 2008/08/11 v0.10 Display of landscape pages in PDF (HO)
Package pdflscape Info: Auto-detected driver: pdftex on input line 80.

(/usr/local/texlive/2015/texmf-dist/tex/generic/ifxetex/ifxetex.sty
Package: ifxetex 2010/09/12 v0.6 Provides ifxetex conditional
))
(/usr/local/texlive/2015/texmf-dist/tex/latex/hyperref/hyperref.sty
Package: hyperref 2012/11/06 v6.83m Hypertext links for LaTeX

(/usr/local/texlive/2015/texmf-dist/tex/generic/oberdiek/hobsub-hyperref.sty
Package: hobsub-hyperref 2012/05/28 v1.13 Bundle oberdiek, subset hyperref (HO)


(/usr/local/texlive/2015/texmf-dist/tex/generic/oberdiek/hobsub-generic.sty
Package: hobsub-generic 2012/05/28 v1.13 Bundle oberdiek, subset generic (HO)
Package: hobsub 2012/05/28 v1.13 Construct package bundles (HO)
Package hobsub Info: Skipping package `infwarerr' (already loaded).
Package hobsub Info: Skipping package `ltxcmds' (already loaded).
Package hobsub Info: Skipping package `ifluatex' (already loaded).
Package: ifvtex 2010/03/01 v1.5 Detect VTeX and its facilities (HO)
Package ifvtex Info: VTeX not detected.
Package: intcalc 2007/09/27 v1.1 Expandable calculations with integers (HO)
Package hobsub Info: Skipping package `ifpdf' (already loaded).
Package hobsub Info: Skipping package `etexcmds' (already loaded).
Package hobsub Info: Skipping package `kvsetkeys' (already loaded).
Package hobsub Info: Skipping package `kvdefinekeys' (already loaded).
Package hobsub Info: Skipping package `pdftexcmds' (already loaded).
Package: pdfescape 2011/11/25 v1.13 Implements pdfTeX's escape features (HO)
Package: bigintcalc 2012/04/08 v1.3 Expandable calculations on big integers (HO
)
Package: bitset 2011/01/30 v1.1 Handle bit-vector datatype (HO)
Package: uniquecounter 2011/01/30 v1.2 Provide unlimited unique counter (HO)
)
Package hobsub Info: Skipping package `hobsub' (already loaded).
Package: letltxmacro 2010/09/02 v1.4 Let assignment for LaTeX macros (HO)
Package: hopatch 2012/05/28 v1.2 Wrapper for package hooks (HO)
Package: xcolor-patch 2011/01/30 xcolor patch
Package: atveryend 2011/06/30 v1.8 Hooks at the very end of document (HO)
Package atveryend Info: \enddocument detected (standard20110627).
Package hobsub Info: Skipping package `atbegshi' (already loaded).
Package: refcount 2011/10/16 v3.4 Data extraction from label references (HO)
Package: hycolor 2011/01/30 v1.7 Color options for hyperref/bookmark (HO)
)
(/usr/local/texlive/2015/texmf-dist/tex/latex/oberdiek/auxhook.sty
Package: auxhook 2011/03/04 v1.3 Hooks for auxiliary files (HO)
)
\@linkdim=\dimen151
\Hy@linkcounter=\count127
\Hy@pagecounter=\count128

(/usr/local/texlive/2015/texmf-dist/tex/latex/hyperref/pd1enc.def
File: pd1enc.def 2012/11/06 v6.83m Hyperref: PDFDocEncoding definition (HO)
)
\Hy@SavedSpaceFactor=\count129

(/usr/local/texlive/2015/texmf-dist/tex/latex/latexconfig/hyperref.cfg
File: hyperref.cfg 2002/06/06 v1.2 hyperref configuration of TeXLive
)
Package hyperref Info: Option `final' set `true' on input line 4319.
Package hyperref Info: Option `plainpages' set `false' on input line 4319.
Package hyperref Info: Option `pdfpagelabels' set `true' on input line 4319.
Package hyperref Info: Option `bookmarks' set `true' on input line 4319.
Package hyperref Info: Option `bookmarksnumbered' set `true' on input line 4319
.
Package hyperref Info: Option `linktocpage' set `true' on input line 4319.
Package hyperref Info: Option `breaklinks' set `true' on input line 4319.
Package hyperref Info: Option `colorlinks' set `false' on input line 4319.
Package hyperref Info: Hyper figures OFF on input line 4443.
Package hyperref Info: Link nesting OFF on input line 4448.
Package hyperref Info: Hyper index ON on input line 4451.
Package hyperref Info: Plain pages OFF on input line 4458.
Package hyperref Info: Backreferencing OFF on input line 4463.
Package hyperref Info: Implicit mode ON; LaTeX internals redefined.
Package hyperref Info: Bookmarks ON on input line 4688.
\c@Hy@tempcnt=\count130
LaTeX Info: Redefining \url on input line 5041.
\XeTeXLinkMargin=\dimen152
Package auxhook Info: \AddLineBeginMainAux comes a little late,
(auxhook)             because the main .aux file is already opened on input lin
e 5421.
\Fld@menulength=\count131
\Field@Width=\dimen153
\Fld@charsize=\dimen154
Package hyperref Info: Hyper figures OFF on input line 6295.
Package hyperref Info: Link nesting OFF on input line 6300.
Package hyperref Info: Hyper index ON on input line 6303.
Package hyperref Info: backreferencing OFF on input line 6310.
Package hyperref Info: Link coloring OFF on input line 6315.
Package hyperref Info: Link coloring with OCG OFF on input line 6320.
Package hyperref Info: PDF/A mode OFF on input line 6325.
LaTeX Info: Redefining \ref on input line 6365.
LaTeX Info: Redefining \pageref on input line 6369.
\Hy@abspage=\count132
\c@Item=\count133
\c@Hfootnote=\count134
)

Package hyperref Message: Driver: hpdftex.

(/usr/local/texlive/2015/texmf-dist/tex/latex/hyperref/hpdftex.def
File: hpdftex.def 2012/11/06 v6.83m Hyperref driver for pdfTeX
\Fld@listcount=\count135
\c@bookmark@seq@number=\count136

(/usr/local/texlive/2015/texmf-dist/tex/latex/oberdiek/rerunfilecheck.sty
Package: rerunfilecheck 2011/04/15 v1.7 Rerun checks for auxiliary files (HO)
Package uniquecounter Info: New unique counter `rerunfilecheck' on input line 2
82.
)
\Hy@SectionHShift=\skip66
)
Package hyperref Info: Link coloring OFF on input line 83.

(/usr/local/texlive/2015/texmf-dist/tex/latex/hyperref/nameref.sty
Package: nameref 2012/10/27 v2.43 Cross-referencing by name of section

(/usr/local/texlive/2015/texmf-dist/tex/generic/oberdiek/gettitlestring.sty
Package: gettitlestring 2010/12/03 v1.4 Cleanup title references (HO)
)
\c@section@level=\count137
)
LaTeX Info: Redefining \ref on input line 83.
LaTeX Info: Redefining \pageref on input line 83.
LaTeX Info: Redefining \nameref on input line 83.

(./draft.out) (./draft.out)
\@outlinefile=\write3
\openout3 = `draft.out'.


Pagestyle and spacing normal
Package caption Info: Begin \AtBeginDocument code.
Package caption Info: float package is loaded.
Package caption Info: hyperref package is loaded.
Package caption Info: rotating package is loaded.
Package caption Info: End \AtBeginDocument code.
\AtBeginShipoutBox=\box38
LaTeX Font Info:    Try loading font information for U+lasy on input line 105.
(/usr/local/texlive/2015/texmf-dist/tex/latex/base/ulasy.fd
File: ulasy.fd 1998/08/17 v2.2e LaTeX symbol font definitions
)
LaTeX Font Info:    Try loading font information for U+msa on input line 105.

(/usr/local/texlive/2015/texmf-dist/tex/latex/amsfonts/umsa.fd
File: umsa.fd 2013/01/14 v3.01 AMS symbols A
)
LaTeX Font Info:    Try loading font information for U+msb on input line 105.

(/usr/local/texlive/2015/texmf-dist/tex/latex/amsfonts/umsb.fd
File: umsb.fd 2013/01/14 v3.01 AMS symbols B
) [1




{/usr/local/texlive/2015/texmf-var/fonts/map/pdftex/updmap/pdftex.map}]
Copyright page
LaTeX Font Info:    Try loading font information for OMS+cmr on input line 109.

(/usr/local/texlive/2015/texmf-dist/tex/latex/base/omscmr.fd
File: omscmr.fd 2014/09/29 v2.5h Standard LaTeX font definitions
)
LaTeX Font Info:    Font shape `OMS/cmr/m/n' in size <12> not available
(Font)              Font shape `OMS/cmsy/m/n' tried instead on input line 109.
pdfTeX warning (ext4): destination with the same identifier (name{page.i}) has 
been already used, duplicate ignored
<to be read again> 
                   \relax 
l.109 \makecopyright
                     [1

] (./draft.toc [2


])
\tf@toc=\write4
\openout4 = `draft.toc'.

 [3]
List of figures - FIGURES
(./draft.lof)
\tf@lof=\write5
\openout5 = `draft.lof'.

 [4

]
List of tables - TABLES
(./draft.lot)
\tf@lot=\write6
\openout6 = `draft.lot'.

 [5

]
\openout2 = `chapter1.aux'.

 (./chapter1.tex
CHAPTER 1.
[1



] [2] [3] [4] [5] [6] [7]
<figures/g550_nlg.pdf, id=333, 1027.84pt x 687.56876pt>
File: figures/g550_nlg.pdf Graphic file (type pdf)

<use figures/g550_nlg.pdf>
Package pdftex.def Info: figures/g550_nlg.pdf used on input line 185.
(pdftex.def)             Requested size: 411.12872pt x 275.02263pt.

<figures/lg_schematic.pdf, id=334, 558.085pt x 504.88625pt>
File: figures/lg_schematic.pdf Graphic file (type pdf)

<use figures/lg_schematic.pdf>
Package pdftex.def Info: figures/lg_schematic.pdf used on input line 193.
(pdftex.def)             Requested size: 334.85359pt x 302.93407pt.
 [8 <./figures/g550_nlg.pdf>] [9 <./figures/lg_schematic.pdf>] [10]
Underfull \hbox (badness 10000) in paragraph at lines 220--220
[]\OT1/cmr/m/n/12 Acoustic
 []


Overfull \hbox (16.87393pt too wide) in paragraph at lines 218--230
 [][] 
 []

[11] [12] <figures/single_span.pdf, id=476, 323.7726pt x 110.18967pt>
File: figures/single_span.pdf Graphic file (type pdf)

<use figures/single_span.pdf>
Package pdftex.def Info: figures/single_span.pdf used on input line 245.
(pdftex.def)             Requested size: 323.77179pt x 110.18938pt.

<figures/single_psvg.pdf, id=477, 320.16412pt x 93.13867pt>
File: figures/single_psvg.pdf Graphic file (type pdf)

<use figures/single_psvg.pdf>
Package pdftex.def Info: figures/single_psvg.pdf used on input line 246.
(pdftex.def)             Requested size: 320.16333pt x 93.13844pt.
 [13 <./figures/single_span.pdf> <./figures/single_psvg.pdf>] <figures/tandem_s
pan.pdf, id=510, 313.2192pt x 114.4265pt>
File: figures/tandem_span.pdf Graphic file (type pdf)

<use figures/tandem_span.pdf>
Package pdftex.def Info: figures/tandem_span.pdf used on input line 261.
(pdftex.def)             Requested size: 313.21841pt x 114.42621pt.

<figures/tandem_psvg.pdf, id=511, 316.17221pt x 112.0175pt>
File: figures/tandem_psvg.pdf Graphic file (type pdf)

<use figures/tandem_psvg.pdf>
Package pdftex.def Info: figures/tandem_psvg.pdf used on input line 262.
(pdftex.def)             Requested size: 316.17142pt x 112.01721pt.
 [14] [15 <./figures/tandem_span.pdf> <./figures/tandem_psvg.pdf>] <figures/tor
que_arm.pdf, id=542, 429.52472pt x 312.2064pt>
File: figures/torque_arm.pdf Graphic file (type pdf)

<use figures/torque_arm.pdf>
Package pdftex.def Info: figures/torque_arm.pdf used on input line 276.
(pdftex.def)             Requested size: 429.52367pt x 312.20564pt.
) [16 <./figures/torque_arm.pdf>]
\openout2 = `chapter2.aux'.

 (./chapter2.tex
CHAPTER 2.
<figures/model1a.pdf, id=560, 144.54pt x 252.945pt>
File: figures/model1a.pdf Graphic file (type pdf)
 <use figures/model1a.pdf>
Package pdftex.def Info: figures/model1a.pdf used on input line 48.
(pdftex.def)             Requested size: 194.39868pt x 340.21436pt.

<figures/model1b.pdf, id=561, 144.54pt x 252.945pt>
File: figures/model1b.pdf Graphic file (type pdf)
 <use figures/model1b.pdf>
Package pdftex.def Info: figures/model1b.pdf used on input line 54.
(pdftex.def)             Requested size: 194.39868pt x 340.21436pt.

[17



] [18 <./figures/model1a.pdf> <./figures/model1b.pdf>] [19]
<figures/array_schematic.pdf, id=607, 299.1175pt x 213.12924pt>
File: figures/array_schematic.pdf Graphic file (type pdf)

<use figures/array_schematic.pdf>
Package pdftex.def Info: figures/array_schematic.pdf used on input line 72.
(pdftex.def)             Requested size: 358.9392pt x 255.75378pt.

<figures/arraypic.pdf, id=608, 355.3275pt x 234.8775pt>
File: figures/arraypic.pdf Graphic file (type pdf)

<use figures/arraypic.pdf>
Package pdftex.def Info: figures/arraypic.pdf used on input line 80.
(pdftex.def)             Requested size: 355.32661pt x 234.87692pt.
 [20 <./figures/array_schematic.pdf>]
<figures/flowvis_setup.jpg, id=633, 1084.05pt x 1927.2pt>
File: figures/flowvis_setup.jpg Graphic file (type jpg)

<use figures/flowvis_setup.jpg>
Package pdftex.def Info: figures/flowvis_setup.jpg used on input line 93.
(pdftex.def)             Requested size: 216.80615pt x 385.43318pt.

Overfull \hbox (10.63747pt too wide) in paragraph at lines 115--115
 []\OT1/cmr/m/n/12 Acquisition 
 []


Overfull \hbox (26.8916pt too wide) in paragraph at lines 107--118
 [][] 
 []

[21 <./figures/arraypic.pdf>] [22 <./figures/flowvis_setup.jpg>]
<figures/mic_empty.pdf, id=659, 562.1pt x 421.575pt>
File: figures/mic_empty.pdf Graphic file (type pdf)

<use figures/mic_empty.pdf>
Package pdftex.def Info: figures/mic_empty.pdf used on input line 128.
(pdftex.def)             Requested size: 393.46732pt x 295.10048pt.
 [23] [24 <./figures/mic_empty.pdf>]
<figures/mic_far.pdf, id=675, 562.1pt x 421.575pt>
File: figures/mic_far.pdf Graphic file (type pdf)
 <use figures/mic_far.pdf>
Package pdftex.def Info: figures/mic_far.pdf used on input line 146.
(pdftex.def)             Requested size: 393.46732pt x 295.10048pt.

[25 <./figures/mic_far.pdf>]
<figures/nd_ufaff.pdf, id=686, 562.1pt x 421.575pt>
File: figures/nd_ufaff.pdf Graphic file (type pdf)
 <use figures/nd_ufaff.pdf>
Package pdftex.def Info: figures/nd_ufaff.pdf used on input line 164.
(pdftex.def)             Requested size: 393.46732pt x 295.10048pt.

<figures/nasag550.pdf, id=687, 216.81pt x 182.6825pt>
File: figures/nasag550.pdf Graphic file (type pdf)

<use figures/nasag550.pdf>
Package pdftex.def Info: figures/nasag550.pdf used on input line 173.
(pdftex.def)             Requested size: 194.39868pt x 163.80782pt.
 <figures/ndg550.pdf, id=688, 216.81pt x 182.6825pt>
File: figures/ndg550.pdf Graphic file (type pdf)

<use figures/ndg550.pdf>
Package pdftex.def Info: figures/ndg550.pdf used on input line 179.
(pdftex.def)             Requested size: 194.39868pt x 163.80782pt.
 [26] [27 <./figures/nd_ufaff.pdf> <./figures/nasag550.pdf> <./figures/ndg550.p
df>]
<figures/mic_trip.pdf, id=728, 562.1pt x 421.575pt>
File: figures/mic_trip.pdf Graphic file (type pdf)
 <use figures/mic_trip.pdf>
Package pdftex.def Info: figures/mic_trip.pdf used on input line 193.
(pdftex.def)             Requested size: 393.46732pt x 295.10048pt.

[28] [29 <./figures/mic_trip.pdf>] [30]
<figures/octave45.pdf, id=748, 562.1pt x 421.575pt>
File: figures/octave45.pdf Graphic file (type pdf)
 <use figures/octave45.pdf>
Package pdftex.def Info: figures/octave45.pdf used on input line 273.
(pdftex.def)             Requested size: 216.0pt x 162.00131pt.

<figures/octave90.pdf, id=749, 562.1pt x 421.575pt>
File: figures/octave90.pdf Graphic file (type pdf)
 <use figures/octave90.pdf>
Package pdftex.def Info: figures/octave90.pdf used on input line 281.
(pdftex.def)             Requested size: 216.0pt x 162.00131pt.

<figures/octave135.pdf, id=750, 562.1pt x 421.575pt>
File: figures/octave135.pdf Graphic file (type pdf)

<use figures/octave135.pdf>
Package pdftex.def Info: figures/octave135.pdf used on input line 289.
(pdftex.def)             Requested size: 216.0pt x 162.00131pt.

<figures/polar_plot4.pdf, id=751, 562.1pt x 421.575pt>
File: figures/polar_plot4.pdf Graphic file (type pdf)

<use figures/polar_plot4.pdf>
Package pdftex.def Info: figures/polar_plot4.pdf used on input line 301.
(pdftex.def)             Requested size: 393.46732pt x 295.10048pt.

<figures/flowvis.pdf, id=752, 449.03758pt x 650.43pt>
File: figures/flowvis.pdf Graphic file (type pdf)

<use figures/flowvis.pdf>
Package pdftex.def Info: figures/flowvis.pdf used on input line 309.
(pdftex.def)             Requested size: 314.32414pt x 455.2979pt.
) [31] [32 <./figures/octave45.pdf> <./figures/octave90.pdf> <./figures/octave1
35.pdf>] [33 <./figures/polar_plot4.pdf>] [34 <./figures/flowvis.pdf>]
\openout2 = `chapter3.aux'.

 (./chapter3.tex
CHAPTER 3.
[35



] <figures/piv_iso.pdf, id=809, 501.875pt x 501.875pt>
File: figures/piv_iso.pdf Graphic file (type pdf)

<use figures/piv_iso.pdf>
Package pdftex.def Info: figures/piv_iso.pdf used on input line 32.
(pdftex.def)             Requested size: 259.20264pt x 259.21516pt.

<figures/piv_side.pdf, id=810, 501.875pt x 501.875pt>
File: figures/piv_side.pdf Graphic file (type pdf)

<use figures/piv_side.pdf>
Package pdftex.def Info: figures/piv_side.pdf used on input line 38.
(pdftex.def)             Requested size: 259.20264pt x 259.21516pt.
 [36] [37 <./figures/piv_iso.pdf> <./figures/piv_side.pdf

pdfTeX warning: /usr/texbin/pdflatex (file ./figures/piv_side.pdf): PDF inclusi
on: multiple pdfs with page group included in a single page
>]) [38]
\openout2 = `appendix.aux'.

 (./appendix.tex) (./draft.bbl [39





])
<figures/psvg_paper.pdf, id=916, 587.15056pt x 785.92223pt>
File: figures/psvg_paper.pdf Graphic file (type pdf)

<use figures/psvg_paper.pdf>
Package pdftex.def Info: figures/psvg_paper.pdf used on input line 331.
(pdftex.def)             Requested size: 587.14912pt x 785.92032pt.
File: figures/psvg_paper.pdf Graphic file (type pdf)
 <use figures/psvg_paper.pdf>
Package pdftex.def Info: figures/psvg_paper.pdf used on input line 331.
(pdftex.def)             Requested size: 587.14912pt x 785.92032pt.

<figures/psvg_paper.pdf, id=919, page=1, 587.15056pt x 785.92223pt>
File: figures/psvg_paper.pdf Graphic file (type pdf)

<use figures/psvg_paper.pdf, page 1>
Package pdftex.def Info: figures/psvg_paper.pdf, page1 used on input line 331.
(pdftex.def)             Requested size: 587.14912pt x 785.92032pt.
File: figures/psvg_paper.pdf Graphic file (type pdf)
 <use figures/psvg_paper.pdf, page 1>
Package pdftex.def Info: figures/psvg_paper.pdf, page1 used on input line 331.
(pdftex.def)             Requested size: 594.60316pt x 795.89781pt.
File: figures/psvg_paper.pdf Graphic file (type pdf)

<use figures/psvg_paper.pdf, page 1>
Package pdftex.def Info: figures/psvg_paper.pdf, page1 used on input line 331.
(pdftex.def)             Requested size: 594.60316pt x 795.89781pt.
File: figures/psvg_paper.pdf Graphic file (type pdf)
 <use figures/psvg_paper.pdf, page 1>
Package pdftex.def Info: figures/psvg_paper.pdf, page1 used on input line 331.
(pdftex.def)             Requested size: 594.60316pt x 795.89781pt.

[40] <figures/psvg_paper.pdf, id=925, page=2, 587.15056pt x 785.92223pt>
File: figures/psvg_paper.pdf Graphic file (type pdf)

<use figures/psvg_paper.pdf, page 2>
Package pdftex.def Info: figures/psvg_paper.pdf, page2 used on input line 331.
(pdftex.def)             Requested size: 594.60316pt x 795.89781pt.
File: figures/psvg_paper.pdf Graphic file (type pdf)
 <use figures/psvg_paper.pdf, page 2>
Package pdftex.def Info: figures/psvg_paper.pdf, page2 used on input line 331.
(pdftex.def)             Requested size: 594.60316pt x 795.89781pt.
File: figures/psvg_paper.pdf Graphic file (type pdf)

<use figures/psvg_paper.pdf, page 1>
Package pdftex.def Info: figures/psvg_paper.pdf, page1 used on input line 331.
(pdftex.def)             Requested size: 594.60316pt x 795.89781pt.
 [41 <./figures/psvg_paper.pdf>]
<figures/psvg_paper.pdf, id=987, page=3, 587.15056pt x 785.92223pt>
File: figures/psvg_paper.pdf Graphic file (type pdf)

<use figures/psvg_paper.pdf, page 3>
Package pdftex.def Info: figures/psvg_paper.pdf, page3 used on input line 331.
(pdftex.def)             Requested size: 594.60316pt x 795.89781pt.
File: figures/psvg_paper.pdf Graphic file (type pdf)
 <use figures/psvg_paper.pdf, page 3>
Package pdftex.def Info: figures/psvg_paper.pdf, page3 used on input line 331.
(pdftex.def)             Requested size: 594.60316pt x 795.89781pt.
File: figures/psvg_paper.pdf Graphic file (type pdf)

<use figures/psvg_paper.pdf, page 2>
Package pdftex.def Info: figures/psvg_paper.pdf, page2 used on input line 331.
(pdftex.def)             Requested size: 594.60316pt x 795.89781pt.
 [42 <./figures/psvg_paper.pdf>]
<figures/psvg_paper.pdf, id=1009, page=4, 587.15056pt x 785.92223pt>
File: figures/psvg_paper.pdf Graphic file (type pdf)

<use figures/psvg_paper.pdf, page 4>
Package pdftex.def Info: figures/psvg_paper.pdf, page4 used on input line 331.
(pdftex.def)             Requested size: 594.60316pt x 795.89781pt.
File: figures/psvg_paper.pdf Graphic file (type pdf)
 <use figures/psvg_paper.pdf, page 4>
Package pdftex.def Info: figures/psvg_paper.pdf, page4 used on input line 331.
(pdftex.def)             Requested size: 594.60316pt x 795.89781pt.
File: figures/psvg_paper.pdf Graphic file (type pdf)

<use figures/psvg_paper.pdf, page 3>
Package pdftex.def Info: figures/psvg_paper.pdf, page3 used on input line 331.
(pdftex.def)             Requested size: 594.60316pt x 795.89781pt.
 [43 <./figures/psvg_paper.pdf>]
<figures/psvg_paper.pdf, id=1026, page=5, 587.15056pt x 785.92223pt>
File: figures/psvg_paper.pdf Graphic file (type pdf)

<use figures/psvg_paper.pdf, page 5>
Package pdftex.def Info: figures/psvg_paper.pdf, page5 used on input line 331.
(pdftex.def)             Requested size: 594.60316pt x 795.89781pt.
File: figures/psvg_paper.pdf Graphic file (type pdf)
 <use figures/psvg_paper.pdf, page 5>
Package pdftex.def Info: figures/psvg_paper.pdf, page5 used on input line 331.
(pdftex.def)             Requested size: 594.60316pt x 795.89781pt.
File: figures/psvg_paper.pdf Graphic file (type pdf)

<use figures/psvg_paper.pdf, page 4>
Package pdftex.def Info: figures/psvg_paper.pdf, page4 used on input line 331.
(pdftex.def)             Requested size: 594.60316pt x 795.89781pt.
 [44 <./figures/psvg_paper.pdf>]
<figures/psvg_paper.pdf, id=1059, page=6, 587.15056pt x 785.92223pt>
File: figures/psvg_paper.pdf Graphic file (type pdf)

<use figures/psvg_paper.pdf, page 6>
Package pdftex.def Info: figures/psvg_paper.pdf, page6 used on input line 331.
(pdftex.def)             Requested size: 594.60316pt x 795.89781pt.
File: figures/psvg_paper.pdf Graphic file (type pdf)
 <use figures/psvg_paper.pdf, page 6>
Package pdftex.def Info: figures/psvg_paper.pdf, page6 used on input line 331.
(pdftex.def)             Requested size: 594.60316pt x 795.89781pt.
File: figures/psvg_paper.pdf Graphic file (type pdf)

<use figures/psvg_paper.pdf, page 5>
Package pdftex.def Info: figures/psvg_paper.pdf, page5 used on input line 331.
(pdftex.def)             Requested size: 594.60316pt x 795.89781pt.
 [45 <./figures/psvg_paper.pdf>]
<figures/psvg_paper.pdf, id=1083, page=7, 587.15056pt x 785.92223pt>
File: figures/psvg_paper.pdf Graphic file (type pdf)

<use figures/psvg_paper.pdf, page 7>
Package pdftex.def Info: figures/psvg_paper.pdf, page7 used on input line 331.
(pdftex.def)             Requested size: 594.60316pt x 795.89781pt.
File: figures/psvg_paper.pdf Graphic file (type pdf)
 <use figures/psvg_paper.pdf, page 7>
Package pdftex.def Info: figures/psvg_paper.pdf, page7 used on input line 331.
(pdftex.def)             Requested size: 594.60316pt x 795.89781pt.
File: figures/psvg_paper.pdf Graphic file (type pdf)

<use figures/psvg_paper.pdf, page 6>
Package pdftex.def Info: figures/psvg_paper.pdf, page6 used on input line 331.
(pdftex.def)             Requested size: 594.60316pt x 795.89781pt.
 [46 <./figures/psvg_paper.pdf>]
<figures/psvg_paper.pdf, id=1109, page=8, 587.15056pt x 785.92223pt>
File: figures/psvg_paper.pdf Graphic file (type pdf)

<use figures/psvg_paper.pdf, page 8>
Package pdftex.def Info: figures/psvg_paper.pdf, page8 used on input line 331.
(pdftex.def)             Requested size: 594.60316pt x 795.89781pt.
File: figures/psvg_paper.pdf Graphic file (type pdf)
 <use figures/psvg_paper.pdf, page 8>
Package pdftex.def Info: figures/psvg_paper.pdf, page8 used on input line 331.
(pdftex.def)             Requested size: 594.60316pt x 795.89781pt.
File: figures/psvg_paper.pdf Graphic file (type pdf)

<use figures/psvg_paper.pdf, page 7>
Package pdftex.def Info: figures/psvg_paper.pdf, page7 used on input line 331.
(pdftex.def)             Requested size: 594.60316pt x 795.89781pt.
 [47 <./figures/psvg_paper.pdf>]
<figures/psvg_paper.pdf, id=1122, page=9, 587.15056pt x 785.92223pt>
File: figures/psvg_paper.pdf Graphic file (type pdf)

<use figures/psvg_paper.pdf, page 9>
Package pdftex.def Info: figures/psvg_paper.pdf, page9 used on input line 331.
(pdftex.def)             Requested size: 594.60316pt x 795.89781pt.
File: figures/psvg_paper.pdf Graphic file (type pdf)
 <use figures/psvg_paper.pdf, page 9>
Package pdftex.def Info: figures/psvg_paper.pdf, page9 used on input line 331.
(pdftex.def)             Requested size: 594.60316pt x 795.89781pt.
File: figures/psvg_paper.pdf Graphic file (type pdf)

<use figures/psvg_paper.pdf, page 8>
Package pdftex.def Info: figures/psvg_paper.pdf, page8 used on input line 331.
(pdftex.def)             Requested size: 594.60316pt x 795.89781pt.
 [48 <./figures/psvg_paper.pdf>]
<figures/psvg_paper.pdf, id=1141, page=10, 587.15056pt x 785.92223pt>
File: figures/psvg_paper.pdf Graphic file (type pdf)

<use figures/psvg_paper.pdf, page 10>
Package pdftex.def Info: figures/psvg_paper.pdf, page10 used on input line 331.

(pdftex.def)             Requested size: 594.60316pt x 795.89781pt.
File: figures/psvg_paper.pdf Graphic file (type pdf)
 <use figures/psvg_paper.pdf, page 10>
Package pdftex.def Info: figures/psvg_paper.pdf, page10 used on input line 331.

(pdftex.def)             Requested size: 594.60316pt x 795.89781pt.
File: figures/psvg_paper.pdf Graphic file (type pdf)

<use figures/psvg_paper.pdf, page 9>
Package pdftex.def Info: figures/psvg_paper.pdf, page9 used on input line 331.
(pdftex.def)             Requested size: 594.60316pt x 795.89781pt.
 [49 <./figures/psvg_paper.pdf>]
File: figures/psvg_paper.pdf Graphic file (type pdf)

<use figures/psvg_paper.pdf, page 10>
Package pdftex.def Info: figures/psvg_paper.pdf, page10 used on input line 331.

(pdftex.def)             Requested size: 594.60316pt x 795.89781pt.
 [50 <./figures/psvg_paper.pdf>]
<figures/humidity_paper.pdf, id=1157, 587.15056pt x 785.92223pt>
File: figures/humidity_paper.pdf Graphic file (type pdf)

<use figures/humidity_paper.pdf>
Package pdftex.def Info: figures/humidity_paper.pdf used on input line 333.
(pdftex.def)             Requested size: 587.14912pt x 785.92032pt.
File: figures/humidity_paper.pdf Graphic file (type pdf)
 <use figures/humidity_paper.pdf>
Package pdftex.def Info: figures/humidity_paper.pdf used on input line 333.
(pdftex.def)             Requested size: 587.14912pt x 785.92032pt.

<figures/humidity_paper.pdf, id=1160, page=1, 587.15056pt x 785.92223pt>
File: figures/humidity_paper.pdf Graphic file (type pdf)

<use figures/humidity_paper.pdf, page 1>
Package pdftex.def Info: figures/humidity_paper.pdf, page1 used on input line 3
33.
(pdftex.def)             Requested size: 587.14912pt x 785.92032pt.
File: figures/humidity_paper.pdf Graphic file (type pdf)

<use figures/humidity_paper.pdf, page 1>
Package pdftex.def Info: figures/humidity_paper.pdf, page1 used on input line 3
33.
(pdftex.def)             Requested size: 594.60316pt x 795.89781pt.
File: figures/humidity_paper.pdf Graphic file (type pdf)

<use figures/humidity_paper.pdf, page 1>
Package pdftex.def Info: figures/humidity_paper.pdf, page1 used on input line 3
33.
(pdftex.def)             Requested size: 594.60316pt x 795.89781pt.
File: figures/humidity_paper.pdf Graphic file (type pdf)

<use figures/humidity_paper.pdf, page 1>
Package pdftex.def Info: figures/humidity_paper.pdf, page1 used on input line 3
33.
(pdftex.def)             Requested size: 594.60316pt x 795.89781pt.

<figures/humidity_paper.pdf, id=1161, page=2, 587.15056pt x 785.92223pt>
File: figures/humidity_paper.pdf Graphic file (type pdf)

<use figures/humidity_paper.pdf, page 2>
Package pdftex.def Info: figures/humidity_paper.pdf, page2 used on input line 3
33.
(pdftex.def)             Requested size: 594.60316pt x 795.89781pt.
File: figures/humidity_paper.pdf Graphic file (type pdf)

<use figures/humidity_paper.pdf, page 2>
Package pdftex.def Info: figures/humidity_paper.pdf, page2 used on input line 3
33.
(pdftex.def)             Requested size: 594.60316pt x 795.89781pt.
File: figures/humidity_paper.pdf Graphic file (type pdf)

<use figures/humidity_paper.pdf, page 1>
Package pdftex.def Info: figures/humidity_paper.pdf, page1 used on input line 3
33.
(pdftex.def)             Requested size: 594.60316pt x 795.89781pt.
 [51 <./figures/humidity_paper.pdf>]
<figures/humidity_paper.pdf, id=1223, page=3, 587.15056pt x 785.92223pt>
File: figures/humidity_paper.pdf Graphic file (type pdf)

<use figures/humidity_paper.pdf, page 3>
Package pdftex.def Info: figures/humidity_paper.pdf, page3 used on input line 3
33.
(pdftex.def)             Requested size: 594.60316pt x 795.89781pt.
File: figures/humidity_paper.pdf Graphic file (type pdf)

<use figures/humidity_paper.pdf, page 3>
Package pdftex.def Info: figures/humidity_paper.pdf, page3 used on input line 3
33.
(pdftex.def)             Requested size: 594.60316pt x 795.89781pt.
File: figures/humidity_paper.pdf Graphic file (type pdf)

<use figures/humidity_paper.pdf, page 2>
Package pdftex.def Info: figures/humidity_paper.pdf, page2 used on input line 3
33.
(pdftex.def)             Requested size: 594.60316pt x 795.89781pt.
 [52 <./figures/humidity_paper.pdf>]
<figures/humidity_paper.pdf, id=1255, page=4, 587.15056pt x 785.92223pt>
File: figures/humidity_paper.pdf Graphic file (type pdf)

<use figures/humidity_paper.pdf, page 4>
Package pdftex.def Info: figures/humidity_paper.pdf, page4 used on input line 3
33.
(pdftex.def)             Requested size: 594.60316pt x 795.89781pt.
File: figures/humidity_paper.pdf Graphic file (type pdf)

<use figures/humidity_paper.pdf, page 4>
Package pdftex.def Info: figures/humidity_paper.pdf, page4 used on input line 3
33.
(pdftex.def)             Requested size: 594.60316pt x 795.89781pt.
File: figures/humidity_paper.pdf Graphic file (type pdf)

<use figures/humidity_paper.pdf, page 3>
Package pdftex.def Info: figures/humidity_paper.pdf, page3 used on input line 3
33.
(pdftex.def)             Requested size: 594.60316pt x 795.89781pt.
 [53 <./figures/humidity_paper.pdf>]
File: figures/humidity_paper.pdf Graphic file (type pdf)

<use figures/humidity_paper.pdf, page 4>
Package pdftex.def Info: figures/humidity_paper.pdf, page4 used on input line 3
33.
(pdftex.def)             Requested size: 594.60316pt x 795.89781pt.
 [54 <./figures/humidity_paper.pdf>]

LaTeX Font Warning: Font shape `OT1/cmss/m/sc' in size <10> not available
(Font)              Font shape `OT1/cmr/m/sc' tried instead on input line 335.

[55]
Package atveryend Info: Empty hook `BeforeClearDocument' on input line 335.
Package atveryend Info: Empty hook `AfterLastShipout' on input line 335.
 (./draft.aux (./chapter1.aux) (./chapter2.aux) (./chapter3.aux)
(./appendix.aux))
Package atveryend Info: Executing hook `AtVeryEndDocument' on input line 335.
Package atveryend Info: Executing hook `AtEndAfterFileList' on input line 335.
Package rerunfilecheck Info: File `draft.out' has not changed.
(rerunfilecheck)             Checksum: F5794A4023DC7AB8D89C92FC4D2F31ED;2414.


LaTeX Warning: There were multiply-defined labels.

Package atveryend Info: Empty hook `AtVeryVeryEnd' on input line 335.
 ) 
Here is how much of TeX's memory you used:
 9282 strings out of 493089
 140636 string characters out of 6134842
 238517 words of memory out of 5000000
 12365 multiletter control sequences out of 15000+600000
 15249 words of font info for 63 fonts, out of 8000000 for 9000
 1141 hyphenation exceptions out of 8191
 42i,18n,46p,1548b,573s stack positions out of 5000i,500n,10000p,200000b,80000s
</usr/local/texlive/2015/texmf-dist/fonts/type1/public/amsfonts/cm/cmcsc10.pf
b></usr/local/texlive/2015/texmf-dist/fonts/type1/public/amsfonts/cm/cmex10.pfb
></usr/local/texlive/2015/texmf-dist/fonts/type1/public/amsfonts/cm/cmmi10.pfb>
</usr/local/texlive/2015/texmf-dist/fonts/type1/public/amsfonts/cm/cmmi12.pfb><
/usr/local/texlive/2015/texmf-dist/fonts/type1/public/amsfonts/cm/cmmi6.pfb></u
sr/local/texlive/2015/texmf-dist/fonts/type1/public/amsfonts/cm/cmmi8.pfb></usr
/local/texlive/2015/texmf-dist/fonts/type1/public/amsfonts/cm/cmr10.pfb></usr/l
ocal/texlive/2015/texmf-dist/fonts/type1/public/amsfonts/cm/cmr12.pfb></usr/loc
al/texlive/2015/texmf-dist/fonts/type1/public/amsfonts/cm/cmr6.pfb></usr/local/
texlive/2015/texmf-dist/fonts/type1/public/amsfonts/cm/cmr7.pfb></usr/local/tex
live/2015/texmf-dist/fonts/type1/public/amsfonts/cm/cmr8.pfb></usr/local/texliv
e/2015/texmf-dist/fonts/type1/public/amsfonts/cm/cmss10.pfb></usr/local/texlive
/2015/texmf-dist/fonts/type1/public/amsfonts/cm/cmsy10.pfb></usr/local/texlive/
2015/texmf-dist/fonts/type1/public/amsfonts/cm/cmsy8.pfb></usr/local/texlive/20
15/texmf-dist/fonts/type1/public/amsfonts/cm/cmti10.pfb></usr/local/texlive/201
5/texmf-dist/fonts/type1/public/amsfonts/cm/cmti12.pfb></usr/local/texlive/2015
/texmf-dist/fonts/type1/public/amsfonts/cm/cmtt12.pfb>
Output written on draft.pdf (61 pages, 35076051 bytes).
PDF statistics:
 1393 PDF objects out of 1440 (max. 8388607)
 908 compressed objects within 10 object streams
 160 named destinations out of 1000 (max. 500000)
 490 words of extra memory for PDF output out of 10000 (max. 10000000)

