\BOOKMARK [0][-]{contents.0}{CONTENTS}{}% 1
\BOOKMARK [0][-]{chapter*.2}{FIGURES}{}% 2
\BOOKMARK [0][-]{chapter*.3}{TABLES}{}% 3
\BOOKMARK [0][-]{chapter.1}{CHAPTER 1: INTRODUCTION}{}% 4
\BOOKMARK [1][-]{section.1.1}{1.1 Motivation}{chapter.1}% 5
\BOOKMARK [1][-]{section.1.2}{1.2 Theory of Aeroacoustics}{chapter.1}% 6
\BOOKMARK [1][-]{section.1.3}{1.3 Landing Gear}{chapter.1}% 7
\BOOKMARK [2][-]{subsection.1.3.1}{1.3.1 Geometry}{section.1.3}% 8
\BOOKMARK [2][-]{subsection.1.3.2}{1.3.2 Noise Sources}{section.1.3}% 9
\BOOKMARK [1][-]{section.1.4}{1.4 Literature Review}{chapter.1}% 10
\BOOKMARK [2][-]{subsection.1.4.1}{1.4.1 Single Cylinder Plasma Flow Control}{section.1.4}% 11
\BOOKMARK [2][-]{subsection.1.4.2}{1.4.2 Tandem Cylinders Plasma Flow Control}{section.1.4}% 12
\BOOKMARK [2][-]{subsection.1.4.3}{1.4.3 Shock Strut-Torque Arm Assembly Plasma Flow Control}{section.1.4}% 13
\BOOKMARK [0][-]{chapter.2}{CHAPTER 2: EXPERIMENTAL APPROACH}{}% 14
\BOOKMARK [1][-]{section.2.1}{2.1 Experimental Objective}{chapter.2}% 15
\BOOKMARK [1][-]{section.2.2}{2.2 Experimental Facility}{chapter.2}% 16
\BOOKMARK [1][-]{section.2.3}{2.3 Notre Dame G550 Nose Landing Gear Model}{chapter.2}% 17
\BOOKMARK [1][-]{section.2.4}{2.4 Microphone Measurements}{chapter.2}% 18
\BOOKMARK [1][-]{section.2.5}{2.5 Flow Visualization}{chapter.2}% 19
\BOOKMARK [1][-]{section.2.6}{2.6 Data Acquisition}{chapter.2}% 20
\BOOKMARK [1][-]{section.2.7}{2.7 Current Results}{chapter.2}% 21
\BOOKMARK [2][-]{subsection.2.7.1}{2.7.1 Wind Tunnel Background Noise Characterization}{section.2.7}% 22
\BOOKMARK [2][-]{subsection.2.7.2}{2.7.2 Far field check}{section.2.7}% 23
\BOOKMARK [2][-]{subsection.2.7.3}{2.7.3 Comparison with UFAFF Measurements}{section.2.7}% 24
\BOOKMARK [2][-]{subsection.2.7.4}{2.7.4 Effects of Tripping}{section.2.7}% 25
\BOOKMARK [2][-]{subsection.2.7.5}{2.7.5 Preliminary Acoustic Assesment}{section.2.7}% 26
\BOOKMARK [0][-]{chapter.3}{CHAPTER 3: OBJECTIVES AND FUTURE WORK}{}% 27
\BOOKMARK [1][-]{section.3.1}{3.1 Research Objectives}{chapter.3}% 28
\BOOKMARK [1][-]{section.3.2}{3.2 Proposed Future Work}{chapter.3}% 29
\BOOKMARK [2][-]{subsection.3.2.1}{3.2.1 Plasma Actuator Configuration}{section.3.2}% 30
\BOOKMARK [2][-]{subsection.3.2.2}{3.2.2 Noise Reduction Assessment}{section.3.2}% 31
\BOOKMARK [1][-]{section.3.3}{3.3 Conclusion}{chapter.3}% 32
\BOOKMARK [0][-]{appendix*.22}{BIBLIOGRAPHY}{}% 33
