\BOOKMARK [0][-]{abstract.0}{Abstract}{}% 1
\BOOKMARK [0][-]{dedication.0}{}{}% 2
\BOOKMARK [0][-]{contents.0}{CONTENTS}{}% 3
\BOOKMARK [0][-]{chapter*.3}{FIGURES}{}% 4
\BOOKMARK [0][-]{chapter*.4}{TABLES}{}% 5
\BOOKMARK [0][-]{chapter.1}{CHAPTER 1: INTRODUCTION}{}% 6
\BOOKMARK [1][-]{section.1.1}{1.1 Motivation}{chapter.1}% 7
\BOOKMARK [1][-]{section.1.2}{1.2 Theory of Aeroacoustics}{chapter.1}% 8
\BOOKMARK [1][-]{section.1.3}{1.3 Landing Gear}{chapter.1}% 9
\BOOKMARK [2][-]{subsection.1.3.1}{1.3.1 Geometry}{section.1.3}% 10
\BOOKMARK [2][-]{subsection.1.3.2}{1.3.2 Noise Sources}{section.1.3}% 11
\BOOKMARK [0][-]{chapter.2}{CHAPTER 2: Literature Review}{}% 12
\BOOKMARK [1][-]{section.2.1}{2.1 Aerodynamics and Aeroacoustics}{chapter.2}% 13
\BOOKMARK [2][-]{subsection.2.1.1}{2.1.1 Single Cylinder}{section.2.1}% 14
\BOOKMARK [2][-]{subsection.2.1.2}{2.1.2 Tandem Cylinder}{section.2.1}% 15
\BOOKMARK [2][-]{subsection.2.1.3}{2.1.3 Torque Arm}{section.2.1}% 16
\BOOKMARK [2][-]{subsection.2.1.4}{2.1.4 Landing Gear}{section.2.1}% 17
\BOOKMARK [1][-]{section.2.2}{2.2 Noise Reduction}{chapter.2}% 18
\BOOKMARK [2][-]{subsection.2.2.1}{2.2.1 Plasma Flow Control}{section.2.2}% 19
\BOOKMARK [2][-]{subsection.2.2.2}{2.2.2 Single Cylinder}{section.2.2}% 20
\BOOKMARK [2][-]{subsection.2.2.3}{2.2.3 Tandem Cylinder}{section.2.2}% 21
\BOOKMARK [2][-]{subsection.2.2.4}{2.2.4 Torque Arm}{section.2.2}% 22
\BOOKMARK [0][-]{chapter.3}{CHAPTER 3: Prospectus}{}% 23
\BOOKMARK [1][-]{section.3.1}{3.1 Preliminary Results}{chapter.3}% 24
\BOOKMARK [2][-]{subsection.3.1.1}{3.1.1 Torque Arm}{section.3.1}% 25
\BOOKMARK [2][-]{subsection.3.1.2}{3.1.2 Landing Gear}{section.3.1}% 26
\BOOKMARK [0][-]{appendix*.5}{BIBLIOGRAPHY}{}% 27
